
MacOS or linux terminal command to create your ssh tunnel:
ssh -N -L 9173:gn-0003:9173 vhl2022@ 

For more info and how to connect from windows, 
   see research.computing.yale.edu/jupyter-nb
Here is the MobaXterm info:

Remote server: gn-0003
Remote frontend port: 9173
SSH server: 
SSH login: vhl2022
SSH port: 22
Use a Browser on your local machine to go to:
http://localhost:9173

no change     /gpfs/scratch/vhl2022/miniconda3/condabin/conda
no change     /gpfs/scratch/vhl2022/miniconda3/bin/conda
no change     /gpfs/scratch/vhl2022/miniconda3/bin/conda-env
no change     /gpfs/scratch/vhl2022/miniconda3/bin/activate
no change     /gpfs/scratch/vhl2022/miniconda3/bin/deactivate
no change     /gpfs/scratch/vhl2022/miniconda3/etc/profile.d/conda.sh
no change     /gpfs/scratch/vhl2022/miniconda3/etc/fish/conf.d/conda.fish
no change     /gpfs/scratch/vhl2022/miniconda3/shell/condabin/Conda.psm1
no change     /gpfs/scratch/vhl2022/miniconda3/shell/condabin/conda-hook.ps1
no change     /gpfs/scratch/vhl2022/miniconda3/lib/python3.12/site-packages/xontrib/conda.xsh
no change     /gpfs/scratch/vhl2022/miniconda3/etc/profile.d/conda.csh
no change     /gpfs/home/vhl2022/.bashrc
No action taken.
Starting backend on gn-0003:9172
Waiting for backend to start...
Waiting for backend to start...
Waiting for backend to start...
Waiting for backend to start...
Waiting for backend to start...
Waiting for backend to start...
Waiting for backend to start...
Waiting for backend to start...
Waiting for backend to start...
Waiting for backend to start...
Waiting for backend to start...
Waiting for backend to start...
Waiting for backend to start...
Waiting for backend to start...
Waiting for backend to start...
Waiting for backend to start...
Waiting for backend to start...
Waiting for backend to start...
Waiting for backend to start...
Waiting for backend to start...
Waiting for backend to start...
Traceback (most recent call last):
  File "<frozen runpy>", line 198, in _run_module_as_main
  File "<frozen runpy>", line 88, in _run_code
  File "/gpfs/data/schambralab/quantitativeRehabilitation/__lab_member_homes/victor/cvfm4rehab/data/pipeline/backend/server/app.py", line 3, in <module>
    from data.pipeline.backend.core.data_manager import HumanInputDataManager
ImportError: cannot import name 'HumanInputDataManager' from 'data.pipeline.backend.core.data_manager' (/gpfs/data/schambralab/quantitativeRehabilitation/__lab_member_homes/victor/cvfm4rehab/data/pipeline/backend/core/data_manager.py)
Waiting for backend to start...
Waiting for backend to start...
Waiting for backend to start...
Waiting for backend to start...
Waiting for backend to start...
Waiting for backend to start...
Waiting for backend to start...
Waiting for backend to start...
Waiting for backend to start...
Waiting for backend to start...
Waiting for backend to start...
Waiting for backend to start...
Waiting for backend to start...
Waiting for backend to start...
Waiting for backend to start...
Waiting for backend to start...
Waiting for backend to start...
Waiting for backend to start...
Waiting for backend to start...
Waiting for backend to start...
Waiting for backend to start...
Waiting for backend to start...
Waiting for backend to start...
Waiting for backend to start...
Waiting for backend to start...
Waiting for backend to start...
Waiting for backend to start...
Waiting for backend to start...
Waiting for backend to start...
Waiting for backend to start...
Waiting for backend to start...
Waiting for backend to start...
Waiting for backend to start...
Waiting for backend to start...
Waiting for backend to start...
Waiting for backend to start...
Waiting for backend to start...
Waiting for backend to start...
Waiting for backend to start...
Waiting for backend to start...
Waiting for backend to start...
Waiting for backend to start...
Waiting for backend to start...
Waiting for backend to start...
Waiting for backend to start...
Waiting for backend to start...
Waiting for backend to start...
Waiting for backend to start...
Waiting for backend to start...
Waiting for backend to start...
slurmstepd-gn-0003: error: *** JOB 62821575 ON gn-0003 CANCELLED AT 2025-04-03T10:53:20 ***
