
MacOS or linux terminal command to create your ssh tunnel:
ssh -N -L 9173:gn-0002:9173 vhl2022@bigpurple2.nyumc.org 

For more info and how to connect from windows, 
   see research.computing.yale.edu/jupyter-nb
Here is the MobaXterm info:

Remote server: gn-0002
Remote frontend port: 9173
SSH server: bigpurple2.nyumc.org
SSH login: vhl2022
SSH port: 22
Use a Browser on your local machine to go to:
http://localhost:9173

no change     /gpfs/scratch/vhl2022/miniconda3/condabin/conda
no change     /gpfs/scratch/vhl2022/miniconda3/bin/conda
no change     /gpfs/scratch/vhl2022/miniconda3/bin/conda-env
no change     /gpfs/scratch/vhl2022/miniconda3/bin/activate
no change     /gpfs/scratch/vhl2022/miniconda3/bin/deactivate
no change     /gpfs/scratch/vhl2022/miniconda3/etc/profile.d/conda.sh
no change     /gpfs/scratch/vhl2022/miniconda3/etc/fish/conf.d/conda.fish
no change     /gpfs/scratch/vhl2022/miniconda3/shell/condabin/Conda.psm1
no change     /gpfs/scratch/vhl2022/miniconda3/shell/condabin/conda-hook.ps1
no change     /gpfs/scratch/vhl2022/miniconda3/lib/python3.12/site-packages/xontrib/conda.xsh
no change     /gpfs/scratch/vhl2022/miniconda3/etc/profile.d/conda.csh
no change     /gpfs/home/vhl2022/.bashrc
No action taken.
Starting backend on gn-0002:9172
Waiting for backend to start...
Waiting for backend to start...
Waiting for backend to start...
Waiting for backend to start...
Waiting for backend to start...
Waiting for backend to start...
Waiting for backend to start...
Waiting for backend to start...
Waiting for backend to start...
Waiting for backend to start...
Waiting for backend to start...
Waiting for backend to start...
Waiting for backend to start...
Waiting for backend to start...
2025-04-03 15:19:32.943 | INFO     | data.pipeline.backend.core.hand_predictor:__init__:201 - Initializing HandPredictor on cuda
2025-04-03 15:19:32.944 | INFO     | data.pipeline.backend.core.hand_predictor:__init__:204 - Loading Grounding DINO model: IDEA-Research/grounding-dino-base
Waiting for backend to start...
Waiting for backend to start...
Waiting for backend to start...
Waiting for backend to start...
Waiting for backend to start...
2025-04-03 15:19:37.884 | INFO     | data.pipeline.backend.core.hand_predictor:__init__:215 - Loading YOLO pose model: yolo11x-pose.pt
Waiting for backend to start...
Waiting for backend to start...
Waiting for backend to start...
Waiting for backend to start...
Waiting for backend to start...
Waiting for backend to start...
Waiting for backend to start...
Waiting for backend to start...
Waiting for backend to start...
Waiting for backend to start...
Running on gn-0002:9172
 * Serving Flask app 'app'
 * Debug mode: off
[31m[1mWARNING: This is a development server. Do not use it in a production deployment. Use a production WSGI server instead.[0m
 * Running on http://gn-0002:9172
[33mPress CTRL+C to quit[0m
Starting frontend on gn-0002:9173
Set up complete. Connect!

> frontend@0.1.0 start
> react-scripts start

Attempting to bind to HOST environment variable: gn-0002
If this was unintentional, check that you haven't mistakenly set it in your shell.
Learn more here: https://cra.link/advanced-config

(node:3219955) [DEP_WEBPACK_DEV_SERVER_ON_AFTER_SETUP_MIDDLEWARE] DeprecationWarning: 'onAfterSetupMiddleware' option is deprecated. Please use the 'setupMiddlewares' option.
(Use `node --trace-deprecation ...` to show where the warning was created)
(node:3219955) [DEP_WEBPACK_DEV_SERVER_ON_BEFORE_SETUP_MIDDLEWARE] DeprecationWarning: 'onBeforeSetupMiddleware' option is deprecated. Please use the 'setupMiddlewares' option.
Starting the development server...

Compiled successfully!

You can now view frontend in the browser.

  http://gn-0002:9173

Note that the development build is not optimized.
To create a production build, use npm run build.

webpack compiled successfully
192.168.0.103 - - [03/Apr/2025 15:20:08] "GET /api/data?navigation=current HTTP/1.1" 200 -
192.168.0.103 - - [03/Apr/2025 15:20:09] "GET /api/data?navigation=current HTTP/1.1" 200 -
192.168.0.103 - - [03/Apr/2025 15:20:15] "OPTIONS /api/select_hand_bbox HTTP/1.1" 200 -
192.168.0.103 - - [03/Apr/2025 15:20:16] "POST /api/select_hand_bbox HTTP/1.1" 200 -
192.168.0.103 - - [03/Apr/2025 15:20:17] "GET /api/data?navigation=current HTTP/1.1" 200 -
192.168.0.103 - - [03/Apr/2025 15:20:20] "POST /api/select_hand_bbox HTTP/1.1" 200 -
192.168.0.103 - - [03/Apr/2025 15:20:21] "GET /api/data?navigation=current HTTP/1.1" 200 -
192.168.0.103 - - [03/Apr/2025 15:20:22] "POST /api/save HTTP/1.1" 200 -
INFO:werkzeug:192.168.0.103 - - [03/Apr/2025 15:20:22] "POST /api/save HTTP/1.1" 200 -
192.168.0.103 - - [03/Apr/2025 15:20:27] "POST /api/save HTTP/1.1" 200 -
INFO:werkzeug:192.168.0.103 - - [03/Apr/2025 15:20:27] "POST /api/save HTTP/1.1" 200 -
slurmstepd-gn-0002: error: *** JOB 62824775 ON gn-0002 CANCELLED AT 2025-04-03T15:20:38 ***
